<?xml version="1.0" encoding="UTF-8"?>
<coverage generated="1687272693967" clover="3.2.0">
  <project timestamp="1687272693967" name="All files">
    <metrics statements="50" coveredstatements="50" conditionals="10" coveredconditionals="10" methods="37" coveredmethods="37" elements="97" coveredelements="97" complexity="0" loc="50" ncloc="50" packages="1" files="2" classes="2"/>
    <file name="todo.js" path="/Users/arnocai/Desktop/Courses/launchSchool/launchSchoolCourses/js130/lesson3/jest_testing/todo.js">
      <metrics statements="11" coveredstatements="11" conditionals="2" coveredconditionals="2" methods="6" coveredmethods="6"/>
      <line num="3" count="69" type="stmt"/>
      <line num="4" count="69" type="stmt"/>
      <line num="8" count="9" type="cond" truecount="2" falsecount="0"/>
      <line num="9" count="9" type="stmt"/>
      <line num="13" count="17" type="stmt"/>
      <line num="17" count="4" type="stmt"/>
      <line num="21" count="30" type="stmt"/>
      <line num="25" count="15" type="stmt"/>
      <line num="29" count="1" type="stmt"/>
      <line num="30" count="1" type="stmt"/>
      <line num="32" count="1" type="stmt"/>
    </file>
    <file name="todolist.js" path="/Users/arnocai/Desktop/Courses/launchSchool/launchSchoolCourses/js130/lesson3/jest_testing/todolist.js">
      <metrics statements="39" coveredstatements="39" conditionals="8" coveredconditionals="8" methods="31" coveredmethods="31"/>
      <line num="1" count="1" type="stmt"/>
      <line num="5" count="31" type="stmt"/>
      <line num="6" count="31" type="stmt"/>
      <line num="10" count="79" type="cond" truecount="2" falsecount="0"/>
      <line num="11" count="4" type="stmt"/>
      <line num="14" count="75" type="stmt"/>
      <line num="18" count="2" type="stmt"/>
      <line num="22" count="5" type="stmt"/>
      <line num="26" count="1" type="stmt"/>
      <line num="30" count="9" type="stmt"/>
      <line num="31" count="6" type="stmt"/>
      <line num="35" count="5" type="stmt"/>
      <line num="39" count="2" type="stmt"/>
      <line num="43" count="12" type="stmt"/>
      <line num="47" count="1" type="stmt"/>
      <line num="51" count="1" type="stmt"/>
      <line num="55" count="2" type="stmt"/>
      <line num="56" count="1" type="stmt"/>
      <line num="60" count="3" type="stmt"/>
      <line num="61" count="9" type="stmt"/>
      <line num="62" count="3" type="stmt"/>
      <line num="67" count="13" type="stmt"/>
      <line num="71" count="7" type="stmt"/>
      <line num="72" count="7" type="stmt"/>
      <line num="73" count="21" type="cond" truecount="2" falsecount="0"/>
      <line num="74" count="6" type="stmt"/>
      <line num="78" count="7" type="stmt"/>
      <line num="82" count="12" type="stmt"/>
      <line num="86" count="3" type="stmt"/>
      <line num="90" count="3" type="stmt"/>
      <line num="94" count="2" type="stmt"/>
      <line num="95" count="2" type="cond" truecount="2" falsecount="0"/>
      <line num="96" count="1" type="stmt"/>
      <line num="101" count="12" type="stmt"/>
      <line num="105" count="3" type="stmt"/>
      <line num="109" count="7" type="stmt"/>
      <line num="113" count="11" type="cond" truecount="2" falsecount="0"/>
      <line num="114" count="4" type="stmt"/>
      <line num="119" count="1" type="stmt"/>
    </file>
  </project>
</coverage>
