TN:
SF:todo.js
FN:2,(anonymous_0)
FN:7,(anonymous_1)
FN:12,(anonymous_2)
FN:16,(anonymous_3)
FN:20,(anonymous_4)
FN:24,(anonymous_5)
FNF:6
FNH:6
FNDA:69,(anonymous_0)
FNDA:9,(anonymous_1)
FNDA:17,(anonymous_2)
FNDA:4,(anonymous_3)
FNDA:30,(anonymous_4)
FNDA:15,(anonymous_5)
DA:3,69
DA:4,69
DA:8,9
DA:9,9
DA:13,17
DA:17,4
DA:21,30
DA:25,15
DA:29,1
DA:30,1
DA:32,1
LF:11
LH:11
BRDA:8,0,0,4
BRDA:8,0,1,5
BRF:2
BRH:2
end_of_record
TN:
SF:todolist.js
FN:4,(anonymous_0)
FN:9,(anonymous_1)
FN:17,(anonymous_2)
FN:21,(anonymous_3)
FN:25,(anonymous_4)
FN:29,(anonymous_5)
FN:34,(anonymous_6)
FN:38,(anonymous_7)
FN:42,(anonymous_8)
FN:43,(anonymous_9)
FN:46,(anonymous_10)
FN:50,(anonymous_11)
FN:54,(anonymous_12)
FN:59,(anonymous_13)
FN:61,(anonymous_14)
FN:65,(anonymous_15)
FN:70,(anonymous_16)
FN:72,(anonymous_17)
FN:81,(anonymous_18)
FN:82,(anonymous_19)
FN:85,(anonymous_20)
FN:86,(anonymous_21)
FN:89,(anonymous_22)
FN:90,(anonymous_23)
FN:93,(anonymous_24)
FN:100,(anonymous_25)
FN:101,(anonymous_26)
FN:104,(anonymous_27)
FN:105,(anonymous_28)
FN:108,(anonymous_29)
FN:112,(anonymous_30)
FNF:31
FNH:31
FNDA:31,(anonymous_0)
FNDA:79,(anonymous_1)
FNDA:2,(anonymous_2)
FNDA:5,(anonymous_3)
FNDA:1,(anonymous_4)
FNDA:9,(anonymous_5)
FNDA:5,(anonymous_6)
FNDA:2,(anonymous_7)
FNDA:6,(anonymous_8)
FNDA:12,(anonymous_9)
FNDA:1,(anonymous_10)
FNDA:1,(anonymous_11)
FNDA:2,(anonymous_12)
FNDA:3,(anonymous_13)
FNDA:9,(anonymous_14)
FNDA:13,(anonymous_15)
FNDA:7,(anonymous_16)
FNDA:21,(anonymous_17)
FNDA:4,(anonymous_18)
FNDA:12,(anonymous_19)
FNDA:1,(anonymous_20)
FNDA:3,(anonymous_21)
FNDA:1,(anonymous_22)
FNDA:3,(anonymous_23)
FNDA:2,(anonymous_24)
FNDA:4,(anonymous_25)
FNDA:12,(anonymous_26)
FNDA:1,(anonymous_27)
FNDA:3,(anonymous_28)
FNDA:7,(anonymous_29)
FNDA:11,(anonymous_30)
DA:1,1
DA:5,31
DA:6,31
DA:10,79
DA:11,4
DA:14,75
DA:18,2
DA:22,5
DA:26,1
DA:30,9
DA:31,6
DA:35,5
DA:39,2
DA:43,12
DA:47,1
DA:51,1
DA:55,2
DA:56,1
DA:60,3
DA:61,9
DA:62,3
DA:67,13
DA:71,7
DA:72,7
DA:73,21
DA:74,6
DA:78,7
DA:82,12
DA:86,3
DA:90,3
DA:94,2
DA:95,2
DA:96,1
DA:101,12
DA:105,3
DA:109,7
DA:113,11
DA:114,4
DA:119,1
LF:39
LH:39
BRDA:10,0,0,4
BRDA:10,0,1,75
BRDA:73,1,0,6
BRDA:73,1,1,15
BRDA:95,2,0,1
BRDA:95,2,1,1
BRDA:113,3,0,4
BRDA:113,3,1,7
BRF:8
BRH:8
end_of_record
